<?xml version="1.0" encoding="UTF-8"?>
<!-- Generated by org.testng.reporters.JUnitXMLReporter -->
<testsuite hostname="Dee-PC" ignored="0" name="NegativeLogInTest-Chrome" tests="2" failures="0" timestamp="07 Jul 2018 13:52:29 GMT" time="22.962" errors="0">
  <testcase name="incorrectUsernameTest" time="3.103" classname="com.herokuapp.theinternet.login.tests.NegativeLoginTests"/>
  <testcase name="incorrectPasswordTest" time="3.434" classname="com.herokuapp.theinternet.login.tests.NegativeLoginTests"/>
</testsuite> <!-- NegativeLogInTest-Chrome -->
