<?xml version="1.0" encoding="UTF-8"?>
<!-- Generated by org.testng.reporters.JUnitXMLReporter -->
<testsuite hostname="Dee-PC" ignored="0" name="AlertsTest" tests="4" failures="0" timestamp="30 Jun 2018 14:13:35 GMT" time="76.166" errors="0">
  <testcase name="jSAlertButtonTest" time="11.312" classname="com.packt.tests.AlertsTest"/>
  <testcase name="jSAlertConfirmTest" time="11.511" classname="com.packt.tests.AlertsTest"/>
  <testcase name="jSAlertCancelTest" time="11.273" classname="com.packt.tests.AlertsTest"/>
  <testcase name="jSAlertPromptTest" time="11.416" classname="com.packt.tests.AlertsTest"/>
</testsuite> <!-- AlertsTest -->
