<?xml version="1.0" encoding="UTF-8"?>
<!-- Generated by org.testng.reporters.JUnitXMLReporter -->
<testsuite hostname="Dee-PC" ignored="0" name="NegativeLogInTest-IE" tests="2" failures="0" timestamp="07 Jul 2018 17:24:03 GMT" time="35.565" errors="0">
  <testcase name="incorrectUsernameTest" time="5.209" classname="com.herokuapp.theinternet.login.tests.NegativeLoginTests"/>
  <testcase name="incorrectPasswordTest" time="5.25" classname="com.herokuapp.theinternet.login.tests.NegativeLoginTests"/>
</testsuite> <!-- NegativeLogInTest-IE -->
