<?xml version="1.0" encoding="UTF-8"?>
<!-- Generated by org.testng.reporters.JUnitXMLReporter -->
<testsuite hostname="Dee-PC" ignored="0" name="NegativeLogInTest-Firefox" tests="2" failures="0" timestamp="07 Jul 2018 13:55:05 GMT" time="29.988" errors="0">
  <testcase name="incorrectUsernameTest" time="1.925" classname="com.herokuapp.theinternet.login.tests.NegativeLoginTests"/>
  <testcase name="incorrectPasswordTest" time="1.243" classname="com.herokuapp.theinternet.login.tests.NegativeLoginTests"/>
</testsuite> <!-- NegativeLogInTest-Firefox -->
