<?xml version="1.0" encoding="UTF-8"?>
<testng-results skipped="0" failed="0" ignored="0" total="1" passed="1">
  <reporter-output>
  </reporter-output>
  <suite name="LogInTesSuite" duration-ms="3782" started-at="2018-06-16T15:06:37Z" finished-at="2018-06-16T15:06:41Z">
    <groups>
    </groups>
    <test name="LogInTest" duration-ms="3782" started-at="2018-06-16T15:06:37Z" finished-at="2018-06-16T15:06:41Z">
      <class name="com.packt.tests.LogInTest">
        <test-method status="PASS" signature="logInTest()[pri:0, instance:com.packt.tests.LogInTest@79698539]" name="logInTest" duration-ms="3758" started-at="2018-06-16T15:06:37Z" finished-at="2018-06-16T15:06:41Z">
          <reporter-output>
          </reporter-output>
        </test-method> <!-- logInTest -->
      </class> <!-- com.packt.tests.LogInTest -->
    </test> <!-- LogInTest -->
  </suite> <!-- LogInTesSuite -->
</testng-results>
