<?xml version="1.0" encoding="UTF-8"?>
<testng-results skipped="0" failed="0" ignored="0" total="1" passed="1">
  <reporter-output>
  </reporter-output>
  <suite name="LogInTesSuite" duration-ms="9085" started-at="2018-06-23T13:55:25Z" finished-at="2018-06-23T13:55:34Z">
    <groups>
    </groups>
    <test name="LogInTest" duration-ms="9085" started-at="2018-06-23T13:55:25Z" finished-at="2018-06-23T13:55:34Z">
      <class name="com.packt.tests.LogInTest">
        <test-method status="PASS" signature="setUp(java.lang.String)[pri:0, instance:com.packt.tests.LogInTest@523884b2]" name="setUp" is-config="true" duration-ms="6385" started-at="2018-06-23T13:55:25Z" finished-at="2018-06-23T13:55:31Z">
          <params>
            <param index="0">
              <value>
                <![CDATA[chrome]]>
              </value>
            </param>
          </params>
          <reporter-output>
          </reporter-output>
        </test-method> <!-- setUp -->
        <test-method status="PASS" signature="logInTest()[pri:0, instance:com.packt.tests.LogInTest@523884b2]" name="logInTest" duration-ms="1982" started-at="2018-06-23T13:55:31Z" finished-at="2018-06-23T13:55:33Z">
          <reporter-output>
          </reporter-output>
        </test-method> <!-- logInTest -->
        <test-method status="PASS" signature="tearDown()[pri:0, instance:com.packt.tests.LogInTest@523884b2]" name="tearDown" is-config="true" duration-ms="691" started-at="2018-06-23T13:55:33Z" finished-at="2018-06-23T13:55:34Z">
          <reporter-output>
          </reporter-output>
        </test-method> <!-- tearDown -->
      </class> <!-- com.packt.tests.LogInTest -->
    </test> <!-- LogInTest -->
  </suite> <!-- LogInTesSuite -->
</testng-results>
