<?xml version="1.0" encoding="UTF-8"?>
<!-- Generated by org.testng.reporters.JUnitXMLReporter -->
<testsuite hostname="Dee-PC" ignored="1" name="WindowsAndFramesTest" tests="1" failures="0" timestamp="30 Jun 2018 14:56:15 GMT" time="19.968" errors="0">
  <testcase name="wysiwygEditorTest" time="11.808" classname="com.packt.tests.WindowsAndFramesTest"/>
  <testcase name="newWindowTest" time="0.0" classname="com.packt.tests.WindowsAndFramesTest">
    <ignored/>
  </testcase> <!-- newWindowTest -->
</testsuite> <!-- WindowsAndFramesTest -->
