<?xml version="1.0" encoding="UTF-8"?>
<testng-results skipped="0" failed="0" ignored="0" total="1" passed="1">
  <reporter-output>
  </reporter-output>
  <suite name="DynamicallyLoadedElementsTestSuite" duration-ms="15710" started-at="2018-06-23T15:54:29Z" finished-at="2018-06-23T15:54:44Z">
    <groups>
    </groups>
    <test name="DynamicallyLoadedElementsTest" duration-ms="15710" started-at="2018-06-23T15:54:29Z" finished-at="2018-06-23T15:54:44Z">
      <class name="com.packt.tests.DynamicallyLoadedElementsTest">
        <test-method status="PASS" signature="setUp(java.lang.String)[pri:0, instance:com.packt.tests.DynamicallyLoadedElementsTest@523884b2]" name="setUp" is-config="true" duration-ms="7356" started-at="2018-06-23T15:54:29Z" finished-at="2018-06-23T15:54:36Z">
          <params>
            <param index="0">
              <value>
                <![CDATA[chrome]]>
              </value>
            </param>
          </params>
          <reporter-output>
          </reporter-output>
        </test-method> <!-- setUp -->
        <test-method status="PASS" signature="startButtonTest()[pri:0, instance:com.packt.tests.DynamicallyLoadedElementsTest@523884b2]" name="startButtonTest" duration-ms="7646" started-at="2018-06-23T15:54:36Z" finished-at="2018-06-23T15:54:44Z">
          <reporter-output>
          </reporter-output>
        </test-method> <!-- startButtonTest -->
        <test-method status="PASS" signature="tearDown()[pri:0, instance:com.packt.tests.DynamicallyLoadedElementsTest@523884b2]" name="tearDown" is-config="true" duration-ms="680" started-at="2018-06-23T15:54:44Z" finished-at="2018-06-23T15:54:44Z">
          <reporter-output>
          </reporter-output>
        </test-method> <!-- tearDown -->
      </class> <!-- com.packt.tests.DynamicallyLoadedElementsTest -->
    </test> <!-- DynamicallyLoadedElementsTest -->
  </suite> <!-- DynamicallyLoadedElementsTestSuite -->
</testng-results>
