<?xml version="1.0" encoding="UTF-8"?>
<!-- Generated by org.testng.reporters.JUnitXMLReporter -->
<testsuite hostname="Dee-PC" ignored="0" name="NegativeLogInTest-Firefox" tests="2" failures="0" timestamp="07 Jul 2018 13:53:23 GMT" time="73.33" errors="0">
  <testcase name="incorrectUsernameTest" time="4.382" classname="com.herokuapp.theinternet.login.tests.NegativeLoginTests"/>
  <testcase name="incorrectPasswordTest" time="5.984" classname="com.herokuapp.theinternet.login.tests.NegativeLoginTests"/>
</testsuite> <!-- NegativeLogInTest-Firefox -->
